-----------------------------ARGUMENTS-----------------------------
data_path                      ../Amazon/IDs.pickle
data_ratio                     7:3
index_dir                      ../Amazon/2/
top_k                          10
max_iter                       500
learning_rate                  0.01
dimension                      20
reg_rate                       0.01
mu_on_user                     0.7
-----------------------------ARGUMENTS-----------------------------
[2020-07-11 10:34:49.595399]: Program Starts
[2020-07-11 12:08:48.439012]: iteration 100
[2020-07-11 13:43:36.427174]: iteration 200
[2020-07-11 15:18:19.501790]: iteration 300
[2020-07-11 16:53:29.933234]: iteration 400
[2020-07-11 18:28:39.247335]: iteration 500
[2020-07-12 02:51:26.888761]: NDCG on test set: 0.026190377832568088
[2020-07-12 02:51:26.889575]: Precision on test set: 0.01945224390471118
[2020-07-12 02:51:26.889622]: Recall on test set: 0.15127060664086459
[2020-07-12 02:51:26.889650]: F1 on test set: 0.0336290486724016
