-----------------------------ARGUMENTS-----------------------------
data_path                      ../Amazon/IDs.pickle
data_ratio                     7:3
index_dir                      ../Amazon/1/
top_k                          10
max_iter                       500
learning_rate                  0.01
dimension                      20
alpha                          0.6
reg_rate                       0.01
mu_on_user                     -1.0
-----------------------------ARGUMENTS-----------------------------
[2020-07-10 23:26:51.035092]: Program Starts
[2020-07-11 01:31:04.467078]: iteration 100
[2020-07-11 03:36:21.543464]: iteration 200
[2020-07-11 05:41:40.072196]: iteration 300
[2020-07-11 07:47:00.064085]: iteration 400
[2020-07-11 09:52:21.148781]: iteration 500
[2020-07-11 09:53:36.623702]: evaluating recommendation performance
[2020-07-11 13:27:18.782981]: NDCG on test set: 0.006687755620380582
[2020-07-11 13:27:18.783754]: Precision on test set: 0.006302402094315143
[2020-07-11 13:27:18.783799]: Recall on test set: 0.025627519006157787
[2020-07-11 13:27:18.783826]: F1 on test set: 0.008362508258412067
[2020-07-11 13:27:18.963359]: evaluating explanation performance on 2.08% samples
[2020-07-11 13:27:18.963514]: explanation results with 0.0 on users
[2020-07-11 13:37:31.881671]: NDCG on test set: 0.02406977851236596
[2020-07-11 13:37:31.882193]: Precision on test set: 0.02057255122088132
[2020-07-11 13:37:31.882229]: Recall on test set: 0.15882918029985105
[2020-07-11 13:37:31.882252]: F1 on test set: 0.035472266947030776
[2020-07-11 13:37:31.882276]: explanation results with 0.1 on users
[2020-07-11 13:47:38.815064]: NDCG on test set: 0.025320608962510413
[2020-07-11 13:47:38.815641]: Precision on test set: 0.021470670783047985
[2020-07-11 13:47:38.815725]: Recall on test set: 0.16533119171345384
[2020-07-11 13:47:38.815749]: F1 on test set: 0.03701918106761878
[2020-07-11 13:47:38.815776]: explanation results with 0.2 on users
[2020-07-11 13:57:52.520977]: NDCG on test set: 0.02676227888647165
[2020-07-11 13:57:52.521475]: Precision on test set: 0.02217232669099069
[2020-07-11 13:57:52.521560]: Recall on test set: 0.17098186062541945
[2020-07-11 13:57:52.521584]: F1 on test set: 0.038242496997642574
[2020-07-11 13:57:52.521611]: explanation results with 0.30000000000000004 on users
[2020-07-11 14:08:13.716975]: NDCG on test set: 0.027557030109366047
[2020-07-11 14:08:13.717549]: Precision on test set: 0.02248105529048548
[2020-07-11 14:08:13.717630]: Recall on test set: 0.17318973788241263
[2020-07-11 14:08:13.717654]: F1 on test set: 0.038777047581309086
[2020-07-11 14:08:13.717681]: explanation results with 0.4 on users
[2020-07-11 14:20:51.343849]: NDCG on test set: 0.02840414298140803
[2020-07-11 14:20:51.344427]: Precision on test set: 0.023042380016839652
[2020-07-11 14:20:51.344463]: Recall on test set: 0.17816481239158763
[2020-07-11 14:20:51.344491]: F1 on test set: 0.039776496641711415
[2020-07-11 14:20:51.344517]: explanation results with 0.5 on users
[2020-07-11 14:31:04.369490]: NDCG on test set: 0.028955303526774164
[2020-07-11 14:31:04.369996]: Precision on test set: 0.023238843671063616
[2020-07-11 14:31:04.370029]: Recall on test set: 0.17911918592524825
[2020-07-11 14:31:04.370052]: F1 on test set: 0.040068869075867874
[2020-07-11 14:31:04.370076]: explanation results with 0.6000000000000001 on users
[2020-07-11 14:41:14.332662]: NDCG on test set: 0.0291917834984139
[2020-07-11 14:41:14.333170]: Precision on test set: 0.023435307325287574
[2020-07-11 14:41:14.333202]: Recall on test set: 0.18017011055181142
[2020-07-11 14:41:14.333225]: F1 on test set: 0.04036688757557919
[2020-07-11 14:41:14.333249]: explanation results with 0.7000000000000001 on users
[2020-07-11 14:51:26.847149]: NDCG on test set: 0.028948413251416043
[2020-07-11 14:51:26.847747]: Precision on test set: 0.022958181307886537
[2020-07-11 14:51:26.847828]: Recall on test set: 0.17572628980150742
[2020-07-11 14:51:26.847852]: F1 on test set: 0.03950044884077109
[2020-07-11 14:51:26.847879]: explanation results with 0.8 on users
[2020-07-11 15:01:41.363664]: NDCG on test set: 0.02877554288369322
[2020-07-11 15:01:41.364180]: Precision on test set: 0.02301431378052195
[2020-07-11 15:01:41.364211]: Recall on test set: 0.17611030719366402
[2020-07-11 15:01:41.364233]: F1 on test set: 0.03957888206864442
[2020-07-11 15:01:41.364258]: explanation results with 0.9 on users
[2020-07-11 15:11:55.367944]: NDCG on test set: 0.02701151680035446
[2020-07-11 15:11:55.368546]: Precision on test set: 0.021835531855178208
[2020-07-11 15:11:55.368627]: Recall on test set: 0.1679372409796211
[2020-07-11 15:11:55.368651]: F1 on test set: 0.03760318918814994
[2020-07-11 15:11:55.368678]: explanation results with 1.0 on users
[2020-07-11 15:22:08.770598]: NDCG on test set: 0.024809388458011786
[2020-07-11 15:22:08.771103]: Precision on test set: 0.02020769014875112
[2020-07-11 15:22:08.771134]: Recall on test set: 0.1544420590168555
[2020-07-11 15:22:08.771156]: F1 on test set: 0.03474763890066023
