----------------------------------------ARGUMENTS----------------------------------------
data_dir                                 ../Amazon/
index_dir                                ../Amazon/2/
dimension                                20
model_name                               ./bert-base-uncased/
hidden_size                              768
seq_max_len                              10
lr                                       0.0001
epochs                                   5
batch_size                               128
cuda                                     True
top_k                                    10
mu_on_user                               0.7
----------------------------------------ARGUMENTS----------------------------------------
[2021-01-27 13:31:49.254518]: Loading data
[2021-01-27 13:32:07.450201]: Training
[2021-01-27 13:52:13.292915]: epoch 1 loss: 0.6540
[2021-01-27 14:12:28.599004]: epoch 2 loss: 0.5126
[2021-01-27 14:32:50.647922]: epoch 3 loss: 0.3654
[2021-01-27 14:53:09.430857]: epoch 4 loss: 0.2833
[2021-01-27 15:13:29.114489]: epoch 5 loss: 0.2244
[2021-01-27 15:13:29.115005]: Evaluating on test set
[2021-01-27 15:13:29.117005]: 0.7 on users
[2021-01-27 15:13:42.076637]: NDCG: 0.02902852680898206
[2021-01-27 15:13:42.077015]: Precision: 0.019171463334726864
[2021-01-27 15:13:42.077039]: Recall: 0.14959641642053445
[2021-01-27 15:13:42.077050]: F1: 0.033169979192326525
